read/poly_1.inp/mo_poly_work                                                    
read/intersections_1.inp/mo_line_work                                           
cmo/create/mo1/0/0/triplane                                                     
cmo select mo_poly_work                                                         
copypts/mo1/mo_poly_work                                                        
cmo select mo1                                                                  
cmo/select/mo1                                                                  
cmo select mo1                                                                  
triangulate/clockwise                                                           
cmo select mo1                                                                  
cmo/setatt/mo1/imt/1,0,0/1                                                      
cmo select mo1                                                                  
cmo/setatt/mo1/itetclr/1,0,0/1                                                  
cmo select mo1                                                                  
resetpts/itp                                                                    
cmo select mo1                                                                  
cmo/select/mo1                                                                  
cmo select mo1                                                                  
massage/18715.2/2.92425e-05/2.92425e-05                                         
cmo select mo1                                                                  
recon/0/                                                                        
cmo select mo1                                                                  
smooth                                                                          
cmo select mo1                                                                  
recon/0/                                                                        
cmo select mo1                                                                  
smooth                                                                          
cmo select mo1                                                                  
recon/0/                                                                        
cmo select mo1                                                                  
smooth                                                                          
cmo select mo1                                                                  
recon/0/                                                                        
cmo select mo1                                                                  
resetpts/itp                                                                    
cmo select mo1                                                                  
recon/0/                                                                        
cmo select mo1                                                                  
smooth                                                                          
cmo select mo1                                                                  
recon/0/                                                                        
cmo select mo1                                                                  
smooth                                                                          
cmo select mo1                                                                  
recon/0/                                                                        
cmo select mo1                                                                  
smooth                                                                          
cmo select mo1                                                                  
recon/0/                                                                        
cmo select mo1                                                                  
smooth                                                                          
cmo select mo1                                                                  
recon/0/                                                                        
cmo select mo1                                                                  
smooth                                                                          
cmo select mo1                                                                  
recon/0/                                                                        
cmo select mo1                                                                  
smooth                                                                          
cmo select mo1                                                                  
recon/0/                                                                        
cmo select mo1                                                                  
massage/9357.6/2.92425e-05/2.92425e-05                                          
cmo select mo1                                                                  
resetpts/itp                                                                    
cmo select mo1                                                                  
recon/0/                                                                        
cmo select mo1                                                                  
smooth                                                                          
cmo select mo1                                                                  
recon/0/                                                                        
cmo select mo1                                                                  
smooth                                                                          
cmo select mo1                                                                  
recon/0/                                                                        
cmo select mo1                                                                  
smooth                                                                          
cmo select mo1                                                                  
recon/0/                                                                        
cmo select mo1                                                                  
smooth                                                                          
cmo select mo1                                                                  
recon/0/                                                                        
cmo select mo1                                                                  
smooth                                                                          
cmo select mo1                                                                  
recon/0/                                                                        
cmo select mo1                                                                  
smooth                                                                          
cmo select mo1                                                                  
recon/0/                                                                        
cmo select mo1                                                                  
massage/4678.8/2.92425e-05/2.92425e-05                                          
cmo select mo1                                                                  
resetpts/itp                                                                    
cmo select mo1                                                                  
recon/0/                                                                        
cmo select mo1                                                                  
smooth                                                                          
cmo select mo1                                                                  
recon/0/                                                                        
cmo select mo1                                                                  
smooth                                                                          
cmo select mo1                                                                  
recon/0/                                                                        
cmo select mo1                                                                  
smooth                                                                          
cmo select mo1                                                                  
recon/0/                                                                        
cmo select mo1                                                                  
smooth                                                                          
cmo select mo1                                                                  
recon/0/                                                                        
cmo select mo1                                                                  
smooth                                                                          
cmo select mo1                                                                  
recon/0/                                                                        
cmo select mo1                                                                  
smooth                                                                          
cmo select mo1                                                                  
recon/0/                                                                        
cmo select mo1                                                                  
massage/2339.4/2.92425e-05/2.92425e-05                                          
cmo select mo1                                                                  
resetpts/itp                                                                    
cmo select mo1                                                                  
recon/0/                                                                        
cmo select mo1                                                                  
smooth                                                                          
cmo select mo1                                                                  
recon/0/                                                                        
cmo select mo1                                                                  
smooth                                                                          
cmo select mo1                                                                  
recon/0/                                                                        
cmo select mo1                                                                  
smooth                                                                          
cmo select mo1                                                                  
recon/0/                                                                        
cmo select mo1                                                                  
smooth                                                                          
cmo select mo1                                                                  
recon/0/                                                                        
cmo select mo1                                                                  
smooth                                                                          
cmo select mo1                                                                  
recon/0/                                                                        
cmo select mo1                                                                  
smooth                                                                          
cmo select mo1                                                                  
recon/0/                                                                        
cmo select mo1                                                                  
cmo/addatt/mo1/x_four/vdouble/scalar/nnodes/linear/permanent//0.0               
cmo select mo1                                                                  
cmo/addatt/mo1/fac_n/vdouble/scalar/nnodes/linear/permanent//0.0                
define/mo_pts/mo1                                                               
define/PARAM_A/0.5                                                              
define/PARAM_A2/0.25                                                            
define/PARAM_B/219.31875000000002                                               
define/PARAM_B2/255.87187500000002                                              
cmo select mo1                                                                  
massage2/user_function2.lgi/233.94000000000003/fac_n/1e-05/1e-05/1,0,0/strictmer
cmo/DELATT/mo_pts/dfield                                                        
compute/distance_field/mo_pts/mo_line_work/dfield                               
math/multiply/mo_pts/x_four/1,0,0/mo_pts/dfield/PARAM_A2/                       
math/add/mo_pts/x_four/1,0,0/mo_pts/x_four/PARAM_B2/                            
cmo/copyatt/mo_pts/mo_pts/fac_n/x_four                                          
finish                                                                          
cmo/DELATT/mo_pts/dfield                                                        
compute/distance_field/mo_pts/mo_line_work/dfield                               
math/multiply/mo_pts/x_four/1,0,0/mo_pts/dfield/PARAM_A2/                       
math/add/mo_pts/x_four/1,0,0/mo_pts/x_four/PARAM_B2/                            
cmo/copyatt/mo_pts/mo_pts/fac_n/x_four                                          
finish                                                                          
cmo/DELATT/mo_pts/dfield                                                        
compute/distance_field/mo_pts/mo_line_work/dfield                               
math/multiply/mo_pts/x_four/1,0,0/mo_pts/dfield/PARAM_A2/                       
math/add/mo_pts/x_four/1,0,0/mo_pts/x_four/PARAM_B2/                            
cmo/copyatt/mo_pts/mo_pts/fac_n/x_four                                          
finish                                                                          
cmo/DELATT/mo_pts/dfield                                                        
compute/distance_field/mo_pts/mo_line_work/dfield                               
math/multiply/mo_pts/x_four/1,0,0/mo_pts/dfield/PARAM_A2/                       
math/add/mo_pts/x_four/1,0,0/mo_pts/x_four/PARAM_B2/                            
cmo/copyatt/mo_pts/mo_pts/fac_n/x_four                                          
finish                                                                          
cmo/DELATT/mo_pts/dfield                                                        
compute/distance_field/mo_pts/mo_line_work/dfield                               
math/multiply/mo_pts/x_four/1,0,0/mo_pts/dfield/PARAM_A2/                       
math/add/mo_pts/x_four/1,0,0/mo_pts/x_four/PARAM_B2/                            
cmo/copyatt/mo_pts/mo_pts/fac_n/x_four                                          
finish                                                                          
cmo/DELATT/mo_pts/dfield                                                        
compute/distance_field/mo_pts/mo_line_work/dfield                               
math/multiply/mo_pts/x_four/1,0,0/mo_pts/dfield/PARAM_A2/                       
math/add/mo_pts/x_four/1,0,0/mo_pts/x_four/PARAM_B2/                            
cmo/copyatt/mo_pts/mo_pts/fac_n/x_four                                          
finish                                                                          
cmo/DELATT/mo_pts/dfield                                                        
compute/distance_field/mo_pts/mo_line_work/dfield                               
math/multiply/mo_pts/x_four/1,0,0/mo_pts/dfield/PARAM_A2/                       
math/add/mo_pts/x_four/1,0,0/mo_pts/x_four/PARAM_B2/                            
cmo/copyatt/mo_pts/mo_pts/fac_n/x_four                                          
finish                                                                          
cmo/DELATT/mo_pts/dfield                                                        
compute/distance_field/mo_pts/mo_line_work/dfield                               
math/multiply/mo_pts/x_four/1,0,0/mo_pts/dfield/PARAM_A2/                       
math/add/mo_pts/x_four/1,0,0/mo_pts/x_four/PARAM_B2/                            
cmo/copyatt/mo_pts/mo_pts/fac_n/x_four                                          
finish                                                                          
cmo/DELATT/mo_pts/dfield                                                        
compute/distance_field/mo_pts/mo_line_work/dfield                               
math/multiply/mo_pts/x_four/1,0,0/mo_pts/dfield/PARAM_A2/                       
math/add/mo_pts/x_four/1,0,0/mo_pts/x_four/PARAM_B2/                            
cmo/copyatt/mo_pts/mo_pts/fac_n/x_four                                          
finish                                                                          
cmo/DELATT/mo_pts/dfield                                                        
compute/distance_field/mo_pts/mo_line_work/dfield                               
math/multiply/mo_pts/x_four/1,0,0/mo_pts/dfield/PARAM_A2/                       
math/add/mo_pts/x_four/1,0,0/mo_pts/x_four/PARAM_B2/                            
cmo/copyatt/mo_pts/mo_pts/fac_n/x_four                                          
finish                                                                          
cmo/DELATT/mo_pts/dfield                                                        
compute/distance_field/mo_pts/mo_line_work/dfield                               
math/multiply/mo_pts/x_four/1,0,0/mo_pts/dfield/PARAM_A2/                       
math/add/mo_pts/x_four/1,0,0/mo_pts/x_four/PARAM_B2/                            
cmo/copyatt/mo_pts/mo_pts/fac_n/x_four                                          
finish                                                                          
cmo/DELATT/mo_pts/dfield                                                        
compute/distance_field/mo_pts/mo_line_work/dfield                               
math/multiply/mo_pts/x_four/1,0,0/mo_pts/dfield/PARAM_A2/                       
math/add/mo_pts/x_four/1,0,0/mo_pts/x_four/PARAM_B2/                            
cmo/copyatt/mo_pts/mo_pts/fac_n/x_four                                          
finish                                                                          
cmo/DELATT/mo_pts/dfield                                                        
compute/distance_field/mo_pts/mo_line_work/dfield                               
math/multiply/mo_pts/x_four/1,0,0/mo_pts/dfield/PARAM_A2/                       
math/add/mo_pts/x_four/1,0,0/mo_pts/x_four/PARAM_B2/                            
cmo/copyatt/mo_pts/mo_pts/fac_n/x_four                                          
finish                                                                          
assign///maxiter_sm/1                                                           
cmo select mo1                                                                  
smooth                                                                          
cmo select mo1                                                                  
recon/0/                                                                        
cmo select mo1                                                                  
smooth                                                                          
cmo select mo1                                                                  
recon/0/                                                                        
cmo select mo1                                                                  
smooth                                                                          
cmo select mo1                                                                  
recon/0/                                                                        
assign///maxiter_sm/10                                                          
cmo select mo1                                                                  
massage2/user_function.lgi/233.94000000000003/fac_n/1e-05/1e-05/1,0,0/strictmerg
cmo/DELATT/mo_pts/dfield                                                        
compute/distance_field/mo_pts/mo_line_work/dfield                               
math/multiply/mo_pts/x_four/1,0,0/mo_pts/dfield/PARAM_A/                        
math/add/mo_pts/x_four/1,0,0/mo_pts/x_four/PARAM_B/                             
cmo/copyatt/mo_pts/mo_pts/fac_n/x_four                                          
finish                                                                          
cmo/DELATT/mo_pts/dfield                                                        
compute/distance_field/mo_pts/mo_line_work/dfield                               
math/multiply/mo_pts/x_four/1,0,0/mo_pts/dfield/PARAM_A/                        
math/add/mo_pts/x_four/1,0,0/mo_pts/x_four/PARAM_B/                             
cmo/copyatt/mo_pts/mo_pts/fac_n/x_four                                          
finish                                                                          
cmo/DELATT/mo_pts/dfield                                                        
compute/distance_field/mo_pts/mo_line_work/dfield                               
math/multiply/mo_pts/x_four/1,0,0/mo_pts/dfield/PARAM_A/                        
math/add/mo_pts/x_four/1,0,0/mo_pts/x_four/PARAM_B/                             
cmo/copyatt/mo_pts/mo_pts/fac_n/x_four                                          
finish                                                                          
cmo/DELATT/mo_pts/dfield                                                        
compute/distance_field/mo_pts/mo_line_work/dfield                               
math/multiply/mo_pts/x_four/1,0,0/mo_pts/dfield/PARAM_A/                        
math/add/mo_pts/x_four/1,0,0/mo_pts/x_four/PARAM_B/                             
cmo/copyatt/mo_pts/mo_pts/fac_n/x_four                                          
finish                                                                          
cmo/DELATT/mo_pts/dfield                                                        
compute/distance_field/mo_pts/mo_line_work/dfield                               
math/multiply/mo_pts/x_four/1,0,0/mo_pts/dfield/PARAM_A/                        
math/add/mo_pts/x_four/1,0,0/mo_pts/x_four/PARAM_B/                             
cmo/copyatt/mo_pts/mo_pts/fac_n/x_four                                          
finish                                                                          
cmo/DELATT/mo_pts/dfield                                                        
compute/distance_field/mo_pts/mo_line_work/dfield                               
math/multiply/mo_pts/x_four/1,0,0/mo_pts/dfield/PARAM_A/                        
math/add/mo_pts/x_four/1,0,0/mo_pts/x_four/PARAM_B/                             
cmo/copyatt/mo_pts/mo_pts/fac_n/x_four                                          
finish                                                                          
cmo/DELATT/mo_pts/dfield                                                        
compute/distance_field/mo_pts/mo_line_work/dfield                               
math/multiply/mo_pts/x_four/1,0,0/mo_pts/dfield/PARAM_A/                        
math/add/mo_pts/x_four/1,0,0/mo_pts/x_four/PARAM_B/                             
cmo/copyatt/mo_pts/mo_pts/fac_n/x_four                                          
finish                                                                          
cmo/DELATT/mo_pts/dfield                                                        
compute/distance_field/mo_pts/mo_line_work/dfield                               
math/multiply/mo_pts/x_four/1,0,0/mo_pts/dfield/PARAM_A/                        
math/add/mo_pts/x_four/1,0,0/mo_pts/x_four/PARAM_B/                             
cmo/copyatt/mo_pts/mo_pts/fac_n/x_four                                          
finish                                                                          
cmo/DELATT/mo_pts/dfield                                                        
compute/distance_field/mo_pts/mo_line_work/dfield                               
math/multiply/mo_pts/x_four/1,0,0/mo_pts/dfield/PARAM_A/                        
math/add/mo_pts/x_four/1,0,0/mo_pts/x_four/PARAM_B/                             
cmo/copyatt/mo_pts/mo_pts/fac_n/x_four                                          
finish                                                                          
cmo/DELATT/mo_pts/dfield                                                        
compute/distance_field/mo_pts/mo_line_work/dfield                               
math/multiply/mo_pts/x_four/1,0,0/mo_pts/dfield/PARAM_A/                        
math/add/mo_pts/x_four/1,0,0/mo_pts/x_four/PARAM_B/                             
cmo/copyatt/mo_pts/mo_pts/fac_n/x_four                                          
finish                                                                          
cmo/DELATT/mo_pts/dfield                                                        
compute/distance_field/mo_pts/mo_line_work/dfield                               
math/multiply/mo_pts/x_four/1,0,0/mo_pts/dfield/PARAM_A/                        
math/add/mo_pts/x_four/1,0,0/mo_pts/x_four/PARAM_B/                             
cmo/copyatt/mo_pts/mo_pts/fac_n/x_four                                          
finish                                                                          
cmo/DELATT/mo_pts/dfield                                                        
compute/distance_field/mo_pts/mo_line_work/dfield                               
math/multiply/mo_pts/x_four/1,0,0/mo_pts/dfield/PARAM_A/                        
math/add/mo_pts/x_four/1,0,0/mo_pts/x_four/PARAM_B/                             
cmo/copyatt/mo_pts/mo_pts/fac_n/x_four                                          
finish                                                                          
cmo select mo1                                                                  
cmo/DELATT/mo1/rf_field_name                                                    
cmo select mo_line_work                                                         
cmo/delete/mo_line_work                                                         
cmo select mo_poly_work                                                         
cmo/delete/mo_poly_work                                                         
cmo/create/surfacemesh                                                          
cmo/select/surfacemesh                                                          
read/sheetij/_temp_elev_array.dat/2785,2543/0.0,0.0/30.0,30.0/skip 0/yflip/conne
cmo select surfacemesh                                                          
trans/1,0,0/0,0,0/542829.5598,101052.67709999898,0.0                            
cmo select surfacemesh                                                          
pset/pduds/attribute/zic/1,0,0/-9998.0/le                                       
cmo select surfacemesh                                                          
eltset/eduds/inclusive/pset/get/pduds                                           
cmo select surfacemesh                                                          
rmpoint/element/eltset,get,eduds                                                
cmo select surfacemesh                                                          
rmpoint/compress                                                                
cmo select surfacemesh                                                          
resetpts/itp                                                                    
cmo select surfacemesh                                                          
cmo/addatt/surfacemesh/z_elev/VDOUBLE/scalar/nnodes/linear/permanent//0.0       
cmo select surfacemesh                                                          
cmo/copyatt/surfacemesh/surfacemesh/z_elev/zic                                  
cmo select surfacemesh                                                          
cmo/setatt/surfacemesh/zic/1,0,0/0.0                                            
cmo select mo1                                                                  
cmo/addatt/mo1/z_new/VDOUBLE/scalar/nnodes/linear/permanent//0.0                
cmo select mo1                                                                  
interpolate/continuous/mo1/z_new/1,0,0/surfacemesh/z_elev                       
cmo select mo1                                                                  
cmo/copyatt/mo1/mo1/zic/z_new                                                   
cmo select mo1                                                                  
cmo/DELATT/mo1/z_new                                                            
cmo select surfacemesh                                                          
cmo/delete/surfacemesh                                                          
cmo select mo1                                                                  
cmo/setatt/mo1/ndimensions_geom/1,0,0/3                                         
dump/exo/./mesh/columbia_subbasin.exo/mo1                                       
